
=== Sat Nov 16 16:34:56 2019

Packages were changed.
Update Mode: mergeDefaultDependencies

The following packages were added:
  com.unity.package-manager-ui@2.2.0
  com.unity.ext.nunit@1.0.0
  com.unity.test-framework@1.0.13
  com.unity.ide.vscode@1.1.0
  com.unity.ide.rider@1.1.0
  com.unity.ugui@1.0.0
  com.unity.modules.androidjni@1.0.0

=== Sat Nov 16 16:36:43 2019

Packages were changed.
Update Mode: mergeDefaultDependencies

The following packages were added:
  com.unity.2d.sprite@1.0.0
  com.unity.2d.tilemap@1.0.0
  com.unity.cinemachine@2.3.3
  com.unity.google.resonance.audio@1.18.2
  com.unity.ide.visualstudio@1.0.11
  com.unity.polybrush@1.0.0-preview.17
  com.unity.postprocessing@2.1.5
  com.unity.probuilder@4.0.5
